<?xml version="1.0" encoding="UTF-8"?>
<!-- Generated by org.testng.reporters.JUnitReportReporter -->
<testsuite hostname="amaresh" failures="0" tests="4" name="api.test.UserTest" time="8.052" errors="0" timestamp="2023-08-26T20:03:16 IST" skipped="0">
  <testcase classname="api.test.UserTest" name="createUser" time="3.452"/>
  <system-out/>
  <testcase classname="api.test.UserTest" name="getUser" time="1.142"/>
  <system-out/>
  <testcase classname="api.test.UserTest" name="upadteUser" time="2.288"/>
  <system-out/>
  <testcase classname="api.test.UserTest" name="deleteUser" time="1.170"/>
  <system-out/>
</testsuite> <!-- api.test.UserTest -->
