<?xml version="1.0" encoding="UTF-8"?>
<!-- Generated by org.testng.reporters.JUnitReportReporter -->
<testsuite hostname="amaresh" failures="0" tests="7" name="api.test.DataDrivenTesting" time="7.836" errors="0" timestamp="2023-08-26T11:39:34 IST" skipped="0">
  <testcase classname="api.test.DataDrivenTesting" name="dataDrivenCreate_User" time="1.090"/>
  <system-out/>
  <testcase classname="api.test.DataDrivenTesting" name="dataDrivenCreate_User" time="1.141"/>
  <system-out/>
  <testcase classname="api.test.DataDrivenTesting" name="dataDrivenCreate_User" time="1.153"/>
  <system-out/>
  <testcase classname="api.test.DataDrivenTesting" name="dataDrivenCreate_User" time="1.087"/>
  <system-out/>
  <testcase classname="api.test.DataDrivenTesting" name="dataDrivenCreate_User" time="1.193"/>
  <system-out/>
  <testcase classname="api.test.DataDrivenTesting" name="dataDrivenCreate_User" time="1.090"/>
  <system-out/>
  <testcase classname="api.test.DataDrivenTesting" name="dataDrivenCreate_User" time="1.082"/>
  <system-out/>
</testsuite> <!-- api.test.DataDrivenTesting -->
