<?xml version="1.0" encoding="UTF-8"?>
<!-- Generated by org.testng.reporters.JUnitReportReporter -->
<testsuite hostname="amaresh" failures="0" tests="4" name="api.test.UserTest" time="7.980" errors="0" timestamp="2023-08-26T11:39:34 IST" skipped="0">
  <testcase classname="api.test.UserTest" name="createUser" time="3.330"/>
  <system-out/>
  <testcase classname="api.test.UserTest" name="getUser" time="1.188"/>
  <system-out/>
  <testcase classname="api.test.UserTest" name="upadteUser" time="2.371"/>
  <system-out/>
  <testcase classname="api.test.UserTest" name="deleteUser" time="1.091"/>
  <system-out/>
</testsuite> <!-- api.test.UserTest -->
