<?xml version="1.0" encoding="UTF-8"?>
<!-- Generated by org.testng.reporters.JUnitReportReporter -->
<testsuite hostname="amaresh" failures="0" tests="7" name="api.test.DataDrivenTesting" time="8.112" errors="0" timestamp="2023-08-26T20:03:16 IST" skipped="0">
  <testcase classname="api.test.DataDrivenTesting" name="dataDrivenCreate_User" time="1.150"/>
  <system-out/>
  <testcase classname="api.test.DataDrivenTesting" name="dataDrivenCreate_User" time="1.198"/>
  <system-out/>
  <testcase classname="api.test.DataDrivenTesting" name="dataDrivenCreate_User" time="1.229"/>
  <system-out/>
  <testcase classname="api.test.DataDrivenTesting" name="dataDrivenCreate_User" time="1.112"/>
  <system-out/>
  <testcase classname="api.test.DataDrivenTesting" name="dataDrivenCreate_User" time="1.106"/>
  <system-out/>
  <testcase classname="api.test.DataDrivenTesting" name="dataDrivenCreate_User" time="1.102"/>
  <system-out/>
  <testcase classname="api.test.DataDrivenTesting" name="dataDrivenCreate_User" time="1.215"/>
  <system-out/>
</testsuite> <!-- api.test.DataDrivenTesting -->
