<?xml version="1.0" encoding="UTF-8"?>
<!-- Generated by org.testng.reporters.JUnitReportReporter -->
<testsuite hostname="amaresh" failures="0" tests="7" name="api.test.DataDrivenTesting" time="8.696" errors="0" timestamp="2023-08-24T22:40:22 IST" skipped="0">
  <testcase classname="api.test.DataDrivenTesting" name="dataDrivenCreate_User" time="1.126"/>
  <system-out/>
  <testcase classname="api.test.DataDrivenTesting" name="dataDrivenCreate_User" time="1.519"/>
  <system-out/>
  <testcase classname="api.test.DataDrivenTesting" name="dataDrivenCreate_User" time="1.147"/>
  <system-out/>
  <testcase classname="api.test.DataDrivenTesting" name="dataDrivenCreate_User" time="1.134"/>
  <system-out/>
  <testcase classname="api.test.DataDrivenTesting" name="dataDrivenCreate_User" time="1.127"/>
  <system-out/>
  <testcase classname="api.test.DataDrivenTesting" name="dataDrivenCreate_User" time="1.145"/>
  <system-out/>
  <testcase classname="api.test.DataDrivenTesting" name="dataDrivenCreate_User" time="1.498"/>
  <system-out/>
</testsuite> <!-- api.test.DataDrivenTesting -->
