<?xml version="1.0" encoding="UTF-8"?>
<!-- Generated by org.testng.reporters.JUnitReportReporter -->
<testsuite hostname="amaresh" failures="0" tests="1" name="api.utilities.DataProvider" time="2.918" errors="0" timestamp="2023-08-24T19:23:20 IST" skipped="0">
  <testcase classname="api.utilities.DataProvider" name="dataSupplier" time="2.918"/>
  <system-out/>
</testsuite> <!-- api.utilities.DataProvider -->
