<?xml version="1.0" encoding="UTF-8"?>
<!-- Generated by org.testng.reporters.JUnitReportReporter -->
<testsuite hostname="amaresh" failures="0" tests="1" name="api.utilities.ExcelUtility" time="1.598" errors="0" timestamp="2023-08-24T19:09:02 IST" skipped="0">
  <testcase classname="api.utilities.ExcelUtility" name="getDataFromExcel" time="1.598"/>
  <system-out/>
</testsuite> <!-- api.utilities.ExcelUtility -->
