<?xml version="1.0" encoding="UTF-8"?>
<!-- Generated by org.testng.reporters.JUnitReportReporter -->
<testsuite hostname="amaresh" failures="0" tests="4" name="api.test.UserTest" time="8.105" errors="0" timestamp="2023-08-24T22:40:22 IST" skipped="0">
  <testcase classname="api.test.UserTest" name="createUser" time="3.184"/>
  <system-out/>
  <testcase classname="api.test.UserTest" name="getUser" time="1.125"/>
  <system-out/>
  <testcase classname="api.test.UserTest" name="upadteUser" time="2.302"/>
  <system-out/>
  <testcase classname="api.test.UserTest" name="deleteUser" time="1.494"/>
  <system-out/>
</testsuite> <!-- api.test.UserTest -->
